<?xml version="1.0" encoding="UTF-8"?>
<!-- Generated by org.testng.reporters.JUnitXMLReporter -->
<testsuite ignored="0" hostname="LAPTOP-CDIQNIDP" failures="0" tests="5" name="Test" time="114.833" errors="0" timestamp="2025-07-07T13:55:56 IST">
  <testcase classname="tests.recpalfilter" name="Clientfilter" time="8.694"/>
  <testcase classname="tests.recpalfilter" name="sitefilter" time="20.407"/>
  <testcase classname="tests.SitePageTest" name="testAddSite" time="10.398"/>
  <testcase classname="tests.ClientTest" name="testAddClient" time="7.584"/>
  <testcase classname="tests.StaffTest" name="testAddStaff" time="6.049"/>
</testsuite> <!-- Test -->
