<?xml version="1.0" encoding="UTF-8"?>
<!-- Generated by org.testng.reporters.JUnitXMLReporter -->
<testsuite ignored="4" hostname="LAPTOP-CDIQNIDP" failures="0" tests="3" name="Test" time="24.399" errors="0" timestamp="2025-06-30T21:31:52 IST">
  <testcase classname="tests.LoginTest" name="testLogin" time="5.764"/>
  <testcase classname="tests.CheckoutTest" name="testCheckoutFlow" time="4.728"/>
  <testcase classname="tests.AddToCartTest" name="testAddToCart" time="3.103"/>
  <testcase classname="base.BaseTest" name="@AfterSuite flushReport" time="0.0">
    <ignored/>
  </testcase> <!-- @AfterSuite flushReport -->
  <testcase classname="base.BaseTest" name="@BeforeSuite setupReport" time="0.0">
    <ignored/>
  </testcase> <!-- @BeforeSuite setupReport -->
  <testcase classname="base.BaseTest" name="@AfterSuite flushReport" time="0.0">
    <ignored/>
  </testcase> <!-- @AfterSuite flushReport -->
  <testcase classname="base.BaseTest" name="@BeforeSuite setupReport" time="0.0">
    <ignored/>
  </testcase> <!-- @BeforeSuite setupReport -->
</testsuite> <!-- Test -->
