<?xml version="1.0" encoding="UTF-8"?>
<testng-results ignored="0" total="5" passed="5" failed="0" skipped="0">
  <reporter-output>
  </reporter-output>
  <suite started-at="2025-07-07T13:54:01 IST" name="Suite" finished-at="2025-07-07T13:55:56 IST" duration-ms="114833">
    <groups>
    </groups>
    <test started-at="2025-07-07T13:54:01 IST" name="Test" finished-at="2025-07-07T13:55:56 IST" duration-ms="114833">
      <class name="tests.SitePageTest">
        <test-method is-config="true" signature="setup()[pri:0, instance:tests.SitePageTest@179ece50]" started-at="2025-07-07T13:55:00 IST" name="setup" finished-at="2025-07-07T13:55:09 IST" duration-ms="9682" status="PASS">
          <reporter-output>
          </reporter-output>
        </test-method> <!-- setup -->
        <test-method signature="testAddSite()[pri:0, instance:tests.SitePageTest@179ece50]" started-at="2025-07-07T13:55:09 IST" name="testAddSite" finished-at="2025-07-07T13:55:20 IST" duration-ms="10398" status="PASS">
          <reporter-output>
          </reporter-output>
        </test-method> <!-- testAddSite -->
      </class> <!-- tests.SitePageTest -->
      <class name="tests.recpalfilter">
        <test-method is-config="true" signature="setup()[pri:0, instance:tests.recpalfilter@36fc695d]" started-at="2025-07-07T13:54:02 IST" name="setup" finished-at="2025-07-07T13:54:16 IST" duration-ms="14564" status="PASS">
          <reporter-output>
          </reporter-output>
        </test-method> <!-- setup -->
        <test-method signature="Clientfilter()[pri:0, instance:tests.recpalfilter@36fc695d]" started-at="2025-07-07T13:54:16 IST" name="Clientfilter" finished-at="2025-07-07T13:54:25 IST" duration-ms="8694" status="PASS">
          <reporter-output>
          </reporter-output>
        </test-method> <!-- Clientfilter -->
        <test-method is-config="true" signature="setup()[pri:0, instance:tests.recpalfilter@36fc695d]" started-at="2025-07-07T13:54:25 IST" name="setup" finished-at="2025-07-07T13:54:39 IST" duration-ms="14289" status="PASS">
          <reporter-output>
          </reporter-output>
        </test-method> <!-- setup -->
        <test-method signature="sitefilter()[pri:0, instance:tests.recpalfilter@36fc695d]" started-at="2025-07-07T13:54:39 IST" name="sitefilter" finished-at="2025-07-07T13:55:00 IST" duration-ms="20407" status="PASS">
          <reporter-output>
          </reporter-output>
        </test-method> <!-- sitefilter -->
      </class> <!-- tests.recpalfilter -->
      <class name="tests.StaffTest">
        <test-method is-config="true" signature="setup()[pri:0, instance:tests.StaffTest@3cd3e762]" started-at="2025-07-07T13:55:41 IST" name="setup" finished-at="2025-07-07T13:55:49 IST" duration-ms="7969" status="PASS">
          <reporter-output>
          </reporter-output>
        </test-method> <!-- setup -->
        <test-method signature="testAddStaff()[pri:0, instance:tests.StaffTest@3cd3e762]" started-at="2025-07-07T13:55:49 IST" name="testAddStaff" finished-at="2025-07-07T13:55:55 IST" duration-ms="6049" status="PASS">
          <reporter-output>
          </reporter-output>
        </test-method> <!-- testAddStaff -->
        <test-method is-config="true" signature="teardown()[pri:0, instance:tests.StaffTest@3cd3e762]" started-at="2025-07-07T13:55:55 IST" name="teardown" finished-at="2025-07-07T13:55:56 IST" duration-ms="813" status="PASS">
          <reporter-output>
          </reporter-output>
        </test-method> <!-- teardown -->
      </class> <!-- tests.StaffTest -->
      <class name="tests.ClientTest">
        <test-method is-config="true" signature="setup()[pri:0, instance:tests.ClientTest@3b0090a4]" started-at="2025-07-07T13:55:20 IST" name="setup" finished-at="2025-07-07T13:55:32 IST" duration-ms="12356" status="PASS">
          <reporter-output>
          </reporter-output>
        </test-method> <!-- setup -->
        <test-method signature="testAddClient()[pri:0, instance:tests.ClientTest@3b0090a4]" started-at="2025-07-07T13:55:32 IST" name="testAddClient" finished-at="2025-07-07T13:55:40 IST" duration-ms="7584" status="PASS">
          <reporter-output>
          </reporter-output>
        </test-method> <!-- testAddClient -->
        <test-method is-config="true" signature="teardown()[pri:0, instance:tests.ClientTest@3b0090a4]" started-at="2025-07-07T13:55:40 IST" name="teardown" finished-at="2025-07-07T13:55:41 IST" duration-ms="1501" status="PASS">
          <reporter-output>
          </reporter-output>
        </test-method> <!-- teardown -->
      </class> <!-- tests.ClientTest -->
    </test> <!-- Test -->
  </suite> <!-- Suite -->
</testng-results>
