<?xml version="1.0" encoding="UTF-8"?>
<testng-results ignored="0" total="3" passed="3" failed="0" skipped="0">
  <reporter-output>
  </reporter-output>
  <suite started-at="2025-06-30T21:31:27 IST" name="Suite" finished-at="2025-06-30T21:31:52 IST" duration-ms="24399">
    <groups>
    </groups>
    <test started-at="2025-06-30T21:31:27 IST" name="Test" finished-at="2025-06-30T21:31:52 IST" duration-ms="24399">
      <class name="tests.LoginTest">
        <test-method is-config="true" signature="setupReport()[pri:0, instance:tests.LoginTest@7a560583]" started-at="2025-06-30T21:31:27 IST" name="setupReport" finished-at="2025-06-30T21:31:27 IST" duration-ms="476" status="PASS">
          <reporter-output>
          </reporter-output>
        </test-method> <!-- setupReport -->
        <test-method is-config="true" signature="setupDriver()[pri:0, instance:tests.LoginTest@7a560583]" started-at="2025-06-30T21:31:27 IST" name="setupDriver" finished-at="2025-06-30T21:31:32 IST" duration-ms="4295" status="PASS">
          <reporter-output>
          </reporter-output>
        </test-method> <!-- setupDriver -->
        <test-method signature="testLogin()[pri:0, instance:tests.LoginTest@7a560583]" started-at="2025-06-30T21:31:32 IST" name="testLogin" finished-at="2025-06-30T21:31:37 IST" duration-ms="5764" status="PASS">
          <reporter-output>
          </reporter-output>
        </test-method> <!-- testLogin -->
        <test-method is-config="true" signature="tearDown()[pri:0, instance:tests.LoginTest@7a560583]" started-at="2025-06-30T21:31:37 IST" name="tearDown" finished-at="2025-06-30T21:31:39 IST" duration-ms="1259" status="PASS">
          <reporter-output>
          </reporter-output>
        </test-method> <!-- tearDown -->
        <test-method is-config="true" signature="flushReport()[pri:0, instance:tests.LoginTest@7a560583]" started-at="2025-06-30T21:31:52 IST" name="flushReport" finished-at="2025-06-30T21:31:52 IST" duration-ms="427" status="PASS">
          <reporter-output>
          </reporter-output>
        </test-method> <!-- flushReport -->
      </class> <!-- tests.LoginTest -->
      <class name="tests.AddToCartTest">
        <test-method is-config="true" signature="setupDriver()[pri:0, instance:tests.AddToCartTest@3d97a632]" started-at="2025-06-30T21:31:46 IST" name="setupDriver" finished-at="2025-06-30T21:31:48 IST" duration-ms="1578" status="PASS">
          <reporter-output>
          </reporter-output>
        </test-method> <!-- setupDriver -->
        <test-method signature="testAddToCart()[pri:0, instance:tests.AddToCartTest@3d97a632]" started-at="2025-06-30T21:31:48 IST" name="testAddToCart" finished-at="2025-06-30T21:31:51 IST" duration-ms="3103" status="PASS">
          <reporter-output>
          </reporter-output>
        </test-method> <!-- testAddToCart -->
        <test-method is-config="true" signature="tearDown()[pri:0, instance:tests.AddToCartTest@3d97a632]" started-at="2025-06-30T21:31:51 IST" name="tearDown" finished-at="2025-06-30T21:31:52 IST" duration-ms="848" status="PASS">
          <reporter-output>
          </reporter-output>
        </test-method> <!-- tearDown -->
      </class> <!-- tests.AddToCartTest -->
      <class name="tests.CheckoutTest">
        <test-method is-config="true" signature="setupDriver()[pri:0, instance:tests.CheckoutTest@77a7cf58]" started-at="2025-06-30T21:31:39 IST" name="setupDriver" finished-at="2025-06-30T21:31:41 IST" duration-ms="1989" status="PASS">
          <reporter-output>
          </reporter-output>
        </test-method> <!-- setupDriver -->
        <test-method signature="testCheckoutFlow()[pri:0, instance:tests.CheckoutTest@77a7cf58]" started-at="2025-06-30T21:31:41 IST" name="testCheckoutFlow" finished-at="2025-06-30T21:31:45 IST" duration-ms="4728" status="PASS">
          <reporter-output>
          </reporter-output>
        </test-method> <!-- testCheckoutFlow -->
        <test-method is-config="true" signature="tearDown()[pri:0, instance:tests.CheckoutTest@77a7cf58]" started-at="2025-06-30T21:31:45 IST" name="tearDown" finished-at="2025-06-30T21:31:46 IST" duration-ms="754" status="PASS">
          <reporter-output>
          </reporter-output>
        </test-method> <!-- tearDown -->
      </class> <!-- tests.CheckoutTest -->
    </test> <!-- Test -->
  </suite> <!-- Suite -->
</testng-results>
